DEBUG 2013-10-25 18:44:05,669 357 extracting data for subject: BJKT110406
DEBUG 2013-10-25 18:44:05,670 336 No sessions
DEBUG 2013-10-25 18:44:05,672 248 site for sub BJKT110406 -> Emotional-BS
DEBUG 2013-10-25 18:44:05,673 249 scan parameters for the above site ['alt+z2', '0', 'None', '15', '2.01']
DEBUG 2013-10-25 18:44:05,673 357 extracting data for subject: DA5T110329
DEBUG 2013-10-25 18:44:05,673 336 No sessions
DEBUG 2013-10-25 18:44:05,677 248 site for sub DA5T110329 -> Emotional-BS
DEBUG 2013-10-25 18:44:05,677 249 scan parameters for the above site ['alt+z2', '0', 'None', '15', '2.01']
DEBUG 2013-10-25 18:44:05,677 357 extracting data for subject: DM5T110407
DEBUG 2013-10-25 18:44:05,677 336 No sessions
DEBUG 2013-10-25 18:44:05,679 248 site for sub DM5T110407 -> Emotional-BS
DEBUG 2013-10-25 18:44:05,679 249 scan parameters for the above site ['alt+z2', '0', 'None', '15', '2.01']
DEBUG 2013-10-25 18:44:05,680 357 extracting data for subject: GSDT110404
DEBUG 2013-10-25 18:44:05,680 336 No sessions
DEBUG 2013-10-25 18:44:05,682 248 site for sub GSDT110404 -> Emotional-BS
DEBUG 2013-10-25 18:44:05,682 249 scan parameters for the above site ['alt+z2', '0', 'None', '15', '2.01']
DEBUG 2013-10-25 18:44:05,682 357 extracting data for subject: HMMT110330
DEBUG 2013-10-25 18:44:05,682 336 No sessions
DEBUG 2013-10-25 18:44:05,686 248 site for sub HMMT110330 -> Emotional-BS
DEBUG 2013-10-25 18:44:05,686 249 scan parameters for the above site ['alt+z2', '0', 'None', '15', '2.01']
DEBUG 2013-10-25 18:44:05,686 357 extracting data for subject: HR8T110329
DEBUG 2013-10-25 18:44:05,686 336 No sessions
DEBUG 2013-10-25 18:44:05,691 248 site for sub HR8T110329 -> Emotional-BS
DEBUG 2013-10-25 18:44:05,691 249 scan parameters for the above site ['alt+z2', '0', 'None', '15', '2.01']
DEBUG 2013-10-25 18:44:05,691 357 extracting data for subject: JA3T110401
DEBUG 2013-10-25 18:44:05,691 336 No sessions
DEBUG 2013-10-25 18:44:05,694 248 site for sub JA3T110401 -> Emotional-BS
DEBUG 2013-10-25 18:44:05,694 249 scan parameters for the above site ['alt+z2', '0', 'None', '15', '2.01']
DEBUG 2013-10-25 18:44:05,694 357 extracting data for subject: JR1T110330
DEBUG 2013-10-25 18:44:05,694 336 No sessions
DEBUG 2013-10-25 18:44:05,698 248 site for sub JR1T110330 -> Emotional-BS
DEBUG 2013-10-25 18:44:05,698 249 scan parameters for the above site ['alt+z2', '0', 'None', '15', '2.01']
DEBUG 2013-10-25 18:44:05,698 357 extracting data for subject: MMKT110405
DEBUG 2013-10-25 18:44:05,698 336 No sessions
DEBUG 2013-10-25 18:44:05,700 248 site for sub MMKT110405 -> Emotional-BS
DEBUG 2013-10-25 18:44:05,701 249 scan parameters for the above site ['alt+z2', '0', 'None', '15', '2.01']
DEBUG 2013-10-25 18:44:05,701 357 extracting data for subject: MSET110404
DEBUG 2013-10-25 18:44:05,701 336 No sessions
DEBUG 2013-10-25 18:44:05,703 248 site for sub MSET110404 -> Emotional-BS
DEBUG 2013-10-25 18:44:05,703 249 scan parameters for the above site ['alt+z2', '0', 'None', '15', '2.01']
DEBUG 2013-10-25 18:44:05,703 357 extracting data for subject: RF5T110404
DEBUG 2013-10-25 18:44:05,703 336 No sessions
DEBUG 2013-10-25 18:44:05,706 248 site for sub RF5T110404 -> Emotional-BS
DEBUG 2013-10-25 18:44:05,706 249 scan parameters for the above site ['alt+z2', '0', 'None', '15', '2.01']
DEBUG 2013-10-25 18:44:05,706 357 extracting data for subject: RK5T110329
DEBUG 2013-10-25 18:44:05,706 336 No sessions
DEBUG 2013-10-25 18:44:05,711 248 site for sub RK5T110329 -> Emotional-BS
DEBUG 2013-10-25 18:44:05,711 249 scan parameters for the above site ['alt+z2', '0', 'None', '15', '2.01']
DEBUG 2013-10-25 18:44:05,711 357 extracting data for subject: SAVT110401
DEBUG 2013-10-25 18:44:05,711 336 No sessions
DEBUG 2013-10-25 18:44:05,714 248 site for sub SAVT110401 -> Emotional-BS
DEBUG 2013-10-25 18:44:05,714 249 scan parameters for the above site ['alt+z2', '0', 'None', '15', '2.01']
DEBUG 2013-10-25 18:44:05,714 357 extracting data for subject: TA8T110407
DEBUG 2013-10-25 18:44:05,714 336 No sessions
DEBUG 2013-10-25 18:44:05,717 248 site for sub TA8T110407 -> Emotional-BS
DEBUG 2013-10-25 18:44:05,717 249 scan parameters for the above site ['alt+z2', '0', 'None', '15', '2.01']
DEBUG 2013-10-25 18:44:05,717 357 extracting data for subject: TM6T110328
DEBUG 2013-10-25 18:44:05,717 336 No sessions
DEBUG 2013-10-25 18:44:05,721 248 site for sub TM6T110328 -> Emotional-BS
DEBUG 2013-10-25 18:44:05,721 249 scan parameters for the above site ['alt+z2', '0', 'None', '15', '2.01']
DEBUG 2013-10-25 18:44:05,721 357 extracting data for subject: TS8T110405
DEBUG 2013-10-25 18:44:05,721 336 No sessions
DEBUG 2013-10-25 18:44:05,723 248 site for sub TS8T110405 -> Emotional-BS
DEBUG 2013-10-25 18:44:05,723 249 scan parameters for the above site ['alt+z2', '0', 'None', '15', '2.01']
DEBUG 2013-10-25 18:44:05,724 357 extracting data for subject: VA5T110407
DEBUG 2013-10-25 18:44:05,724 336 No sessions
DEBUG 2013-10-25 18:44:05,726 248 site for sub VA5T110407 -> Emotional-BS
DEBUG 2013-10-25 18:44:05,726 249 scan parameters for the above site ['alt+z2', '0', 'None', '15', '2.01']
DEBUG 2013-10-25 18:44:05,726 357 extracting data for subject: WJ4T110401
DEBUG 2013-10-25 18:44:05,726 336 No sessions
DEBUG 2013-10-25 18:44:05,729 248 site for sub WJ4T110401 -> Emotional-BS
DEBUG 2013-10-25 18:44:05,729 249 scan parameters for the above site ['alt+z2', '0', 'None', '15', '2.01']
DEBUG 2013-10-25 18:44:05,729 357 extracting data for subject: WM8T110405
DEBUG 2013-10-25 18:44:05,729 336 No sessions
DEBUG 2013-10-25 18:44:05,732 248 site for sub WM8T110405 -> Emotional-BS
DEBUG 2013-10-25 18:44:05,732 249 scan parameters for the above site ['alt+z2', '0', 'None', '15', '2.01']
DEBUG 2013-10-25 18:44:05,732 357 extracting data for subject: WSFT110406
DEBUG 2013-10-25 18:44:05,732 336 No sessions
DEBUG 2013-10-25 18:44:05,734 248 site for sub WSFT110406 -> Emotional-BS
DEBUG 2013-10-25 18:44:05,734 249 scan parameters for the above site ['alt+z2', '0', 'None', '15', '2.01']
