/home2/data/Projects/CPAC_Regression_Test/nipype-installs/fcp-indi-nipype/running-install/lib/python2.7/site-packages/nipype/interfaces/base.py:368: UserWarning: Input apply_xfm requires inputs: in_matrix_file
  warn(msg)
/home2/data/Projects/CPAC_Regression_Test/nipype-installs/fcp-indi-nipype/running-install/lib/python2.7/site-packages/nipype/interfaces/base.py:368: UserWarning: Input apply_xfm requires inputs: in_matrix_file
  warn(msg)
/home2/data/Projects/CPAC_Regression_Test/nipype-installs/fcp-indi-nipype/running-install/lib/python2.7/site-packages/nipype/interfaces/base.py:368: UserWarning: Input apply_xfm requires inputs: in_matrix_file
  warn(msg)
/home2/data/Projects/CPAC_Regression_Test/nipype-installs/fcp-indi-nipype/running-install/lib/python2.7/site-packages/nipype/interfaces/base.py:368: UserWarning: Input apply_xfm requires inputs: in_matrix_file
  warn(msg)
/home2/data/Projects/CPAC_Regression_Test/nipype-installs/fcp-indi-nipype/running-install/lib/python2.7/site-packages/nipype/interfaces/base.py:368: UserWarning: Input apply_xfm requires inputs: in_matrix_file
  warn(msg)
/home2/data/Projects/CPAC_Regression_Test/nipype-installs/fcp-indi-nipype/running-install/lib/python2.7/site-packages/nipype/interfaces/base.py:368: UserWarning: Input apply_xfm requires inputs: in_matrix_file
  warn(msg)
/home2/data/Projects/CPAC_Regression_Test/nipype-installs/fcp-indi-nipype/running-install/lib/python2.7/site-packages/nipype/interfaces/base.py:368: UserWarning: Input apply_xfm requires inputs: in_matrix_file
  warn(msg)
/home2/data/Projects/CPAC_Regression_Test/nipype-installs/fcp-indi-nipype/running-install/lib/python2.7/site-packages/nipype/interfaces/base.py:368: UserWarning: Input apply_xfm requires inputs: in_matrix_file
  warn(msg)
/home2/data/Projects/CPAC_Regression_Test/nipype-installs/fcp-indi-nipype/running-install/lib/python2.7/site-packages/nipype/interfaces/base.py:368: UserWarning: Input apply_xfm requires inputs: in_matrix_file
  warn(msg)
/home2/data/Projects/CPAC_Regression_Test/nipype-installs/fcp-indi-nipype/running-install/lib/python2.7/site-packages/nipype/interfaces/base.py:368: UserWarning: Input apply_xfm requires inputs: in_matrix_file
  warn(msg)
/home2/data/Projects/CPAC_Regression_Test/nipype-installs/fcp-indi-nipype/running-install/lib/python2.7/site-packages/nipype/interfaces/base.py:368: UserWarning: Input apply_xfm requires inputs: in_matrix_file
  warn(msg)
/home2/data/Projects/CPAC_Regression_Test/nipype-installs/fcp-indi-nipype/running-install/lib/python2.7/site-packages/nipype/interfaces/base.py:368: UserWarning: Input apply_xfm requires inputs: in_matrix_file
  warn(msg)
/home2/data/Projects/CPAC_Regression_Test/nipype-installs/fcp-indi-nipype/running-install/lib/python2.7/site-packages/nipype/interfaces/base.py:368: UserWarning: Input apply_xfm requires inputs: in_matrix_file
  warn(msg)
/home2/data/Projects/CPAC_Regression_Test/nipype-installs/fcp-indi-nipype/running-install/lib/python2.7/site-packages/nipype/interfaces/base.py:368: UserWarning: Input apply_xfm requires inputs: in_matrix_file
  warn(msg)
/home2/data/Projects/CPAC_Regression_Test/nipype-installs/fcp-indi-nipype/running-install/lib/python2.7/site-packages/nipype/interfaces/base.py:368: UserWarning: Input apply_xfm requires inputs: in_matrix_file
  warn(msg)
/home2/data/Projects/CPAC_Regression_Test/nipype-installs/fcp-indi-nipype/running-install/lib/python2.7/site-packages/nipype/interfaces/base.py:368: UserWarning: Input apply_xfm requires inputs: in_matrix_file
  warn(msg)
/home2/data/Projects/CPAC_Regression_Test/nipype-installs/fcp-indi-nipype/running-install/lib/python2.7/site-packages/nipype/interfaces/base.py:368: UserWarning: Input apply_xfm requires inputs: in_matrix_file
  warn(msg)
/home2/data/Projects/CPAC_Regression_Test/nipype-installs/fcp-indi-nipype/running-install/lib/python2.7/site-packages/nipype/interfaces/base.py:368: UserWarning: Input apply_xfm requires inputs: in_matrix_file
  warn(msg)
/home2/data/Projects/CPAC_Regression_Test/nipype-installs/fcp-indi-nipype/running-install/lib/python2.7/site-packages/nipype/interfaces/base.py:368: UserWarning: Input apply_xfm requires inputs: in_matrix_file
  warn(msg)
/home2/data/Projects/CPAC_Regression_Test/nipype-installs/fcp-indi-nipype/running-install/lib/python2.7/site-packages/nipype/interfaces/base.py:368: UserWarning: Input apply_xfm requires inputs: in_matrix_file
  warn(msg)
/home2/data/Projects/CPAC_Regression_Test/nipype-installs/fcp-indi-nipype/running-install/lib/python2.7/site-packages/nipype/interfaces/base.py:368: UserWarning: Input apply_xfm requires inputs: in_matrix_file
  warn(msg)
/home2/data/Projects/CPAC_Regression_Test/nipype-installs/fcp-indi-nipype/running-install/lib/python2.7/site-packages/nipype/interfaces/base.py:368: UserWarning: Input apply_xfm requires inputs: in_matrix_file
  warn(msg)
/home2/data/Projects/CPAC_Regression_Test/nipype-installs/fcp-indi-nipype/running-install/lib/python2.7/site-packages/nipype/interfaces/base.py:368: UserWarning: Input apply_xfm requires inputs: in_matrix_file
  warn(msg)
/home2/data/Projects/CPAC_Regression_Test/nipype-installs/fcp-indi-nipype/running-install/lib/python2.7/site-packages/nipype/interfaces/base.py:368: UserWarning: Input apply_xfm requires inputs: in_matrix_file
  warn(msg)
/home2/data/Projects/CPAC_Regression_Test/nipype-installs/fcp-indi-nipype/running-install/lib/python2.7/site-packages/nipype/interfaces/base.py:368: UserWarning: Input apply_xfm requires inputs: in_matrix_file
  warn(msg)
/home2/data/Projects/CPAC_Regression_Test/nipype-installs/fcp-indi-nipype/running-install/lib/python2.7/site-packages/nipype/interfaces/base.py:368: UserWarning: Input apply_xfm requires inputs: in_matrix_file
  warn(msg)
/home2/data/Projects/CPAC_Regression_Test/nipype-installs/fcp-indi-nipype/running-install/lib/python2.7/site-packages/nipype/interfaces/base.py:368: UserWarning: Input apply_xfm requires inputs: in_matrix_file
  warn(msg)
/home2/data/Projects/CPAC_Regression_Test/nipype-installs/fcp-indi-nipype/running-install/lib/python2.7/site-packages/nipype/interfaces/base.py:368: UserWarning: Input apply_xfm requires inputs: in_matrix_file
  warn(msg)
/home2/data/Projects/CPAC_Regression_Test/nipype-installs/fcp-indi-nipype/running-install/lib/python2.7/site-packages/nipype/interfaces/base.py:368: UserWarning: Input apply_xfm requires inputs: in_matrix_file
  warn(msg)
/home2/data/Projects/CPAC_Regression_Test/nipype-installs/fcp-indi-nipype/running-install/lib/python2.7/site-packages/nipype/interfaces/base.py:368: UserWarning: Input apply_xfm requires inputs: in_matrix_file
  warn(msg)
/home2/dlurie/Enthought/Canopy_64bit/System/lib/python2.7/site-packages/scipy/sparse/lil.py:233: SparseEfficiencyWarning: Indexing into a lil_matrix with multiple indices is slow. Pre-converting to CSC or CSR beforehand is more efficient.
  SparseEfficiencyWarning)
/home2/dlurie/Enthought/Canopy_64bit/System/lib/python2.7/site-packages/scipy/sparse/lil.py:233: SparseEfficiencyWarning: Indexing into a lil_matrix with multiple indices is slow. Pre-converting to CSC or CSR beforehand is more efficient.
  SparseEfficiencyWarning)
/home2/dlurie/Enthought/Canopy_64bit/System/lib/python2.7/site-packages/scipy/sparse/lil.py:233: SparseEfficiencyWarning: Indexing into a lil_matrix with multiple indices is slow. Pre-converting to CSC or CSR beforehand is more efficient.
  SparseEfficiencyWarning)
/home2/dlurie/Enthought/Canopy_64bit/System/lib/python2.7/site-packages/scipy/sparse/lil.py:233: SparseEfficiencyWarning: Indexing into a lil_matrix with multiple indices is slow. Pre-converting to CSC or CSR beforehand is more efficient.
  SparseEfficiencyWarning)
/home2/dlurie/Enthought/Canopy_64bit/System/lib/python2.7/site-packages/scipy/sparse/lil.py:233: SparseEfficiencyWarning: Indexing into a lil_matrix with multiple indices is slow. Pre-converting to CSC or CSR beforehand is more efficient.
  SparseEfficiencyWarning)
/home2/dlurie/Enthought/Canopy_64bit/System/lib/python2.7/site-packages/scipy/sparse/lil.py:233: SparseEfficiencyWarning: Indexing into a lil_matrix with multiple indices is slow. Pre-converting to CSC or CSR beforehand is more efficient.
  SparseEfficiencyWarning)
/home2/dlurie/Enthought/Canopy_64bit/System/lib/python2.7/site-packages/scipy/sparse/lil.py:233: SparseEfficiencyWarning: Indexing into a lil_matrix with multiple indices is slow. Pre-converting to CSC or CSR beforehand is more efficient.
  SparseEfficiencyWarning)
/home2/dlurie/Enthought/Canopy_64bit/System/lib/python2.7/site-packages/scipy/sparse/lil.py:233: SparseEfficiencyWarning: Indexing into a lil_matrix with multiple indices is slow. Pre-converting to CSC or CSR beforehand is more efficient.
  SparseEfficiencyWarning)
/home2/dlurie/Enthought/Canopy_64bit/System/lib/python2.7/site-packages/scipy/sparse/lil.py:233: SparseEfficiencyWarning: Indexing into a lil_matrix with multiple indices is slow. Pre-converting to CSC or CSR beforehand is more efficient.
  SparseEfficiencyWarning)
/home2/dlurie/Enthought/Canopy_64bit/System/lib/python2.7/site-packages/scipy/sparse/lil.py:233: SparseEfficiencyWarning: Indexing into a lil_matrix with multiple indices is slow. Pre-converting to CSC or CSR beforehand is more efficient.
  SparseEfficiencyWarning)
/home2/dlurie/Enthought/Canopy_64bit/System/lib/python2.7/site-packages/scipy/sparse/lil.py:233: SparseEfficiencyWarning: Indexing into a lil_matrix with multiple indices is slow. Pre-converting to CSC or CSR beforehand is more efficient.
  SparseEfficiencyWarning)
/home2/dlurie/Canopy/appdata/canopy-1.0.3.1262.rh5-x86_64/lib/python2.7/site-packages/numpy/lib/npyio.py:1356: UserWarning: genfromtxt: Empty input file: "/tmp/resting_preproc_SAVT110401/gen_motion_stats_0/_scan_rest1_func/_threshold_0.2/exclude_frames/frames_ex.1D"
  warnings.warn('genfromtxt: Empty input file: "%s"' % fname)
/home2/dlurie/Canopy/appdata/canopy-1.0.3.1262.rh5-x86_64/lib/python2.7/site-packages/numpy/lib/npyio.py:1356: UserWarning: genfromtxt: Empty input file: "/tmp/resting_preproc_SAVT110401/gen_motion_stats_0/_scan_rest1_func/_threshold_0.2/exclude_frames/frames_ex.1D"
  warnings.warn('genfromtxt: Empty input file: "%s"' % fname)
/home2/dlurie/Canopy/appdata/canopy-1.0.3.1262.rh5-x86_64/lib/python2.7/site-packages/numpy/lib/npyio.py:1356: UserWarning: genfromtxt: Empty input file: "/tmp/resting_preproc_WM8T110405/gen_motion_stats_0/_scan_rest1_func/_threshold_0.2/exclude_frames/frames_ex.1D"
  warnings.warn('genfromtxt: Empty input file: "%s"' % fname)
/home2/dlurie/Canopy/appdata/canopy-1.0.3.1262.rh5-x86_64/lib/python2.7/site-packages/numpy/lib/npyio.py:1356: UserWarning: genfromtxt: Empty input file: "/tmp/resting_preproc_WM8T110405/gen_motion_stats_0/_scan_rest1_func/_threshold_0.2/exclude_frames/frames_ex.1D"
  warnings.warn('genfromtxt: Empty input file: "%s"' % fname)
/home2/dlurie/Canopy/appdata/canopy-1.0.3.1262.rh5-x86_64/lib/python2.7/site-packages/numpy/lib/npyio.py:1356: UserWarning: genfromtxt: Empty input file: "/tmp/resting_preproc_BJKT110406/gen_motion_stats_0/_scan_rest1_func/_threshold_0.2/exclude_frames/frames_ex.1D"
  warnings.warn('genfromtxt: Empty input file: "%s"' % fname)
/home2/dlurie/Canopy/appdata/canopy-1.0.3.1262.rh5-x86_64/lib/python2.7/site-packages/numpy/lib/npyio.py:1356: UserWarning: genfromtxt: Empty input file: "/tmp/resting_preproc_BJKT110406/gen_motion_stats_0/_scan_rest1_func/_threshold_0.2/exclude_frames/frames_ex.1D"
  warnings.warn('genfromtxt: Empty input file: "%s"' % fname)
/home2/dlurie/Canopy/appdata/canopy-1.0.3.1262.rh5-x86_64/lib/python2.7/site-packages/numpy/lib/npyio.py:1356: UserWarning: genfromtxt: Empty input file: "/tmp/resting_preproc_BJKT110406/gen_motion_stats_0/_scan_movie3_func/_threshold_0.2/exclude_frames/frames_ex.1D"
  warnings.warn('genfromtxt: Empty input file: "%s"' % fname)
/home2/dlurie/Canopy/appdata/canopy-1.0.3.1262.rh5-x86_64/lib/python2.7/site-packages/numpy/lib/npyio.py:1356: UserWarning: genfromtxt: Empty input file: "/tmp/resting_preproc_BJKT110406/gen_motion_stats_0/_scan_movie3_func/_threshold_0.2/exclude_frames/frames_ex.1D"
  warnings.warn('genfromtxt: Empty input file: "%s"' % fname)
/home2/dlurie/Canopy/appdata/canopy-1.0.3.1262.rh5-x86_64/lib/python2.7/site-packages/numpy/lib/npyio.py:1356: UserWarning: genfromtxt: Empty input file: "/tmp/resting_preproc_HR8T110329/gen_motion_stats_0/_scan_rest1_func/_threshold_0.2/exclude_frames/frames_ex.1D"
  warnings.warn('genfromtxt: Empty input file: "%s"' % fname)
/home2/dlurie/Canopy/appdata/canopy-1.0.3.1262.rh5-x86_64/lib/python2.7/site-packages/numpy/lib/npyio.py:1356: UserWarning: genfromtxt: Empty input file: "/tmp/resting_preproc_HR8T110329/gen_motion_stats_0/_scan_rest1_func/_threshold_0.2/exclude_frames/frames_ex.1D"
  warnings.warn('genfromtxt: Empty input file: "%s"' % fname)
/home2/dlurie/Canopy/appdata/canopy-1.0.3.1262.rh5-x86_64/lib/python2.7/site-packages/numpy/lib/npyio.py:1356: UserWarning: genfromtxt: Empty input file: "/tmp/resting_preproc_HR8T110329/gen_motion_stats_0/_scan_rest2_func/_threshold_0.2/exclude_frames/frames_ex.1D"
  warnings.warn('genfromtxt: Empty input file: "%s"' % fname)
/home2/dlurie/Canopy/appdata/canopy-1.0.3.1262.rh5-x86_64/lib/python2.7/site-packages/numpy/lib/npyio.py:1356: UserWarning: genfromtxt: Empty input file: "/tmp/resting_preproc_HR8T110329/gen_motion_stats_0/_scan_rest2_func/_threshold_0.2/exclude_frames/frames_ex.1D"
  warnings.warn('genfromtxt: Empty input file: "%s"' % fname)
/home2/dlurie/Canopy/appdata/canopy-1.0.3.1262.rh5-x86_64/lib/python2.7/site-packages/numpy/lib/npyio.py:1356: UserWarning: genfromtxt: Empty input file: "/tmp/resting_preproc_HR8T110329/gen_motion_stats_0/_scan_movie1_func/_threshold_0.2/exclude_frames/frames_ex.1D"
  warnings.warn('genfromtxt: Empty input file: "%s"' % fname)
/home2/dlurie/Canopy/appdata/canopy-1.0.3.1262.rh5-x86_64/lib/python2.7/site-packages/numpy/lib/npyio.py:1356: UserWarning: genfromtxt: Empty input file: "/tmp/resting_preproc_HR8T110329/gen_motion_stats_0/_scan_movie1_func/_threshold_0.2/exclude_frames/frames_ex.1D"
  warnings.warn('genfromtxt: Empty input file: "%s"' % fname)
<string>:87: ComplexWarning: Casting complex values to real discards the imaginary part
<string>:87: ComplexWarning: Casting complex values to real discards the imaginary part
<string>:87: ComplexWarning: Casting complex values to real discards the imaginary part
<string>:87: ComplexWarning: Casting complex values to real discards the imaginary part
<string>:87: ComplexWarning: Casting complex values to real discards the imaginary part
<string>:87: ComplexWarning: Casting complex values to real discards the imaginary part
<string>:87: ComplexWarning: Casting complex values to real discards the imaginary part
<string>:87: ComplexWarning: Casting complex values to real discards the imaginary part
<string>:87: ComplexWarning: Casting complex values to real discards the imaginary part
<string>:87: ComplexWarning: Casting complex values to real discards the imaginary part
<string>:87: ComplexWarning: Casting complex values to real discards the imaginary part
<string>:87: ComplexWarning: Casting complex values to real discards the imaginary part
<string>:87: ComplexWarning: Casting complex values to real discards the imaginary part
<string>:87: ComplexWarning: Casting complex values to real discards the imaginary part
<string>:87: ComplexWarning: Casting complex values to real discards the imaginary part
<string>:87: ComplexWarning: Casting complex values to real discards the imaginary part
<string>:87: ComplexWarning: Casting complex values to real discards the imaginary part
<string>:87: ComplexWarning: Casting complex values to real discards the imaginary part
<string>:87: ComplexWarning: Casting complex values to real discards the imaginary part
<string>:87: ComplexWarning: Casting complex values to real discards the imaginary part
<string>:87: ComplexWarning: Casting complex values to real discards the imaginary part
<string>:87: ComplexWarning: Casting complex values to real discards the imaginary part
<string>:87: ComplexWarning: Casting complex values to real discards the imaginary part
<string>:87: ComplexWarning: Casting complex values to real discards the imaginary part
<string>:87: ComplexWarning: Casting complex values to real discards the imaginary part
<string>:87: ComplexWarning: Casting complex values to real discards the imaginary part
<string>:87: ComplexWarning: Casting complex values to real discards the imaginary part
<string>:87: ComplexWarning: Casting complex values to real discards the imaginary part
<string>:87: ComplexWarning: Casting complex values to real discards the imaginary part
<string>:87: ComplexWarning: Casting complex values to real discards the imaginary part
<string>:87: ComplexWarning: Casting complex values to real discards the imaginary part
<string>:87: ComplexWarning: Casting complex values to real discards the imaginary part
<string>:87: ComplexWarning: Casting complex values to real discards the imaginary part
<string>:87: ComplexWarning: Casting complex values to real discards the imaginary part
<string>:87: ComplexWarning: Casting complex values to real discards the imaginary part
<string>:87: ComplexWarning: Casting complex values to real discards the imaginary part
<string>:87: ComplexWarning: Casting complex values to real discards the imaginary part
<string>:87: ComplexWarning: Casting complex values to real discards the imaginary part
<string>:87: ComplexWarning: Casting complex values to real discards the imaginary part
<string>:87: ComplexWarning: Casting complex values to real discards the imaginary part
<string>:87: ComplexWarning: Casting complex values to real discards the imaginary part
<string>:87: ComplexWarning: Casting complex values to real discards the imaginary part
<string>:87: ComplexWarning: Casting complex values to real discards the imaginary part
<string>:87: ComplexWarning: Casting complex values to real discards the imaginary part
<string>:87: ComplexWarning: Casting complex values to real discards the imaginary part
<string>:87: ComplexWarning: Casting complex values to real discards the imaginary part
<string>:87: ComplexWarning: Casting complex values to real discards the imaginary part
<string>:87: ComplexWarning: Casting complex values to real discards the imaginary part
<string>:87: ComplexWarning: Casting complex values to real discards the imaginary part
<string>:87: ComplexWarning: Casting complex values to real discards the imaginary part
<string>:87: ComplexWarning: Casting complex values to real discards the imaginary part
<string>:87: ComplexWarning: Casting complex values to real discards the imaginary part
<string>:87: ComplexWarning: Casting complex values to real discards the imaginary part
<string>:87: ComplexWarning: Casting complex values to real discards the imaginary part
<string>:87: ComplexWarning: Casting complex values to real discards the imaginary part
<string>:87: ComplexWarning: Casting complex values to real discards the imaginary part
<string>:87: ComplexWarning: Casting complex values to real discards the imaginary part
<string>:87: ComplexWarning: Casting complex values to real discards the imaginary part
<string>:87: ComplexWarning: Casting complex values to real discards the imaginary part
<string>:87: ComplexWarning: Casting complex values to real discards the imaginary part
<string>:87: ComplexWarning: Casting complex values to real discards the imaginary part
<string>:87: ComplexWarning: Casting complex values to real discards the imaginary part
<string>:87: ComplexWarning: Casting complex values to real discards the imaginary part
<string>:87: ComplexWarning: Casting complex values to real discards the imaginary part
<string>:87: ComplexWarning: Casting complex values to real discards the imaginary part
<string>:87: ComplexWarning: Casting complex values to real discards the imaginary part
<string>:87: ComplexWarning: Casting complex values to real discards the imaginary part
<string>:87: ComplexWarning: Casting complex values to real discards the imaginary part
<string>:87: ComplexWarning: Casting complex values to real discards the imaginary part
<string>:87: ComplexWarning: Casting complex values to real discards the imaginary part
<string>:87: ComplexWarning: Casting complex values to real discards the imaginary part
<string>:87: ComplexWarning: Casting complex values to real discards the imaginary part
<string>:87: ComplexWarning: Casting complex values to real discards the imaginary part
<string>:87: ComplexWarning: Casting complex values to real discards the imaginary part
<string>:87: ComplexWarning: Casting complex values to real discards the imaginary part
<string>:87: ComplexWarning: Casting complex values to real discards the imaginary part
<string>:87: ComplexWarning: Casting complex values to real discards the imaginary part
<string>:87: ComplexWarning: Casting complex values to real discards the imaginary part
<string>:87: ComplexWarning: Casting complex values to real discards the imaginary part
<string>:87: ComplexWarning: Casting complex values to real discards the imaginary part
<string>:87: ComplexWarning: Casting complex values to real discards the imaginary part
<string>:87: ComplexWarning: Casting complex values to real discards the imaginary part
<string>:87: ComplexWarning: Casting complex values to real discards the imaginary part
<string>:87: ComplexWarning: Casting complex values to real discards the imaginary part
<string>:87: ComplexWarning: Casting complex values to real discards the imaginary part
<string>:87: ComplexWarning: Casting complex values to real discards the imaginary part
<string>:87: ComplexWarning: Casting complex values to real discards the imaginary part
<string>:87: ComplexWarning: Casting complex values to real discards the imaginary part
<string>:87: ComplexWarning: Casting complex values to real discards the imaginary part
<string>:87: ComplexWarning: Casting complex values to real discards the imaginary part
<string>:87: ComplexWarning: Casting complex values to real discards the imaginary part
<string>:87: ComplexWarning: Casting complex values to real discards the imaginary part
<string>:87: ComplexWarning: Casting complex values to real discards the imaginary part
<string>:87: ComplexWarning: Casting complex values to real discards the imaginary part
<string>:87: ComplexWarning: Casting complex values to real discards the imaginary part
<string>:87: ComplexWarning: Casting complex values to real discards the imaginary part
<string>:87: ComplexWarning: Casting complex values to real discards the imaginary part
<string>:87: ComplexWarning: Casting complex values to real discards the imaginary part
<string>:87: ComplexWarning: Casting complex values to real discards the imaginary part
<string>:87: ComplexWarning: Casting complex values to real discards the imaginary part
<string>:87: ComplexWarning: Casting complex values to real discards the imaginary part
<string>:87: ComplexWarning: Casting complex values to real discards the imaginary part
<string>:87: ComplexWarning: Casting complex values to real discards the imaginary part
<string>:87: ComplexWarning: Casting complex values to real discards the imaginary part
<string>:87: ComplexWarning: Casting complex values to real discards the imaginary part
<string>:87: ComplexWarning: Casting complex values to real discards the imaginary part
<string>:87: ComplexWarning: Casting complex values to real discards the imaginary part
<string>:87: ComplexWarning: Casting complex values to real discards the imaginary part
<string>:87: ComplexWarning: Casting complex values to real discards the imaginary part
<string>:87: ComplexWarning: Casting complex values to real discards the imaginary part
<string>:87: ComplexWarning: Casting complex values to real discards the imaginary part
<string>:87: ComplexWarning: Casting complex values to real discards the imaginary part
<string>:87: ComplexWarning: Casting complex values to real discards the imaginary part
<string>:87: ComplexWarning: Casting complex values to real discards the imaginary part
<string>:87: ComplexWarning: Casting complex values to real discards the imaginary part
<string>:87: ComplexWarning: Casting complex values to real discards the imaginary part
Traceback (most recent call last):
  File "<string>", line 1, in <module>
  File "/home2/data/Projects/CPAC_Regression_Test/2013-10-04_v0-3-2/run/lib/python2.7/site-packages/CPAC/pipeline/cpac_pipeline.py", line 4377, in run
    prep_workflow(sub_dict, c, pickle.load(open(strategies, 'r')), p_name)
  File "/home2/data/Projects/CPAC_Regression_Test/2013-10-04_v0-3-2/run/lib/python2.7/site-packages/CPAC/pipeline/cpac_pipeline.py", line 4325, in prep_workflow
    create_all_qc.run(c.outputDirectory)
  File "/home2/data/Projects/CPAC_Regression_Test/2013-10-04_v0-3-2/run/lib/python2.7/site-packages/CPAC/utils/create_all_qc.py", line 569, in run
    make_group_htmls(output_path)
  File "/home2/data/Projects/CPAC_Regression_Test/2013-10-04_v0-3-2/run/lib/python2.7/site-packages/CPAC/utils/create_all_qc.py", line 554, in make_group_htmls
    subj_path, meanFD, meanDvars, mean_rms, max_rms, sval)
UnboundLocalError: local variable 'sval' referenced before assignment
Traceback (most recent call last):
  File "<string>", line 1, in <module>
  File "/home2/data/Projects/CPAC_Regression_Test/2013-10-04_v0-3-2/run/lib/python2.7/site-packages/CPAC/pipeline/cpac_pipeline.py", line 4377, in run
    prep_workflow(sub_dict, c, pickle.load(open(strategies, 'r')), p_name)
  File "/home2/data/Projects/CPAC_Regression_Test/2013-10-04_v0-3-2/run/lib/python2.7/site-packages/CPAC/pipeline/cpac_pipeline.py", line 4325, in prep_workflow
    create_all_qc.run(c.outputDirectory)
  File "/home2/data/Projects/CPAC_Regression_Test/2013-10-04_v0-3-2/run/lib/python2.7/site-packages/CPAC/utils/create_all_qc.py", line 569, in run
    make_group_htmls(output_path)
  File "/home2/data/Projects/CPAC_Regression_Test/2013-10-04_v0-3-2/run/lib/python2.7/site-packages/CPAC/utils/create_all_qc.py", line 554, in make_group_htmls
    subj_path, meanFD, meanDvars, mean_rms, max_rms, sval)
UnboundLocalError: local variable 'sval' referenced before assignment
Traceback (most recent call last):
  File "<string>", line 1, in <module>
  File "/home2/data/Projects/CPAC_Regression_Test/2013-10-04_v0-3-2/run/lib/python2.7/site-packages/CPAC/pipeline/cpac_pipeline.py", line 4377, in run
    prep_workflow(sub_dict, c, pickle.load(open(strategies, 'r')), p_name)
  File "/home2/data/Projects/CPAC_Regression_Test/2013-10-04_v0-3-2/run/lib/python2.7/site-packages/CPAC/pipeline/cpac_pipeline.py", line 4325, in prep_workflow
    create_all_qc.run(c.outputDirectory)
  File "/home2/data/Projects/CPAC_Regression_Test/2013-10-04_v0-3-2/run/lib/python2.7/site-packages/CPAC/utils/create_all_qc.py", line 569, in run
    make_group_htmls(output_path)
  File "/home2/data/Projects/CPAC_Regression_Test/2013-10-04_v0-3-2/run/lib/python2.7/site-packages/CPAC/utils/create_all_qc.py", line 554, in make_group_htmls
    subj_path, meanFD, meanDvars, mean_rms, max_rms, sval)
UnboundLocalError: local variable 'sval' referenced before assignment
Traceback (most recent call last):
  File "<string>", line 1, in <module>
  File "/home2/data/Projects/CPAC_Regression_Test/2013-10-04_v0-3-2/run/lib/python2.7/site-packages/CPAC/pipeline/cpac_pipeline.py", line 4377, in run
    prep_workflow(sub_dict, c, pickle.load(open(strategies, 'r')), p_name)
  File "/home2/data/Projects/CPAC_Regression_Test/2013-10-04_v0-3-2/run/lib/python2.7/site-packages/CPAC/pipeline/cpac_pipeline.py", line 4325, in prep_workflow
    create_all_qc.run(c.outputDirectory)
  File "/home2/data/Projects/CPAC_Regression_Test/2013-10-04_v0-3-2/run/lib/python2.7/site-packages/CPAC/utils/create_all_qc.py", line 569, in run
    make_group_htmls(output_path)
  File "/home2/data/Projects/CPAC_Regression_Test/2013-10-04_v0-3-2/run/lib/python2.7/site-packages/CPAC/utils/create_all_qc.py", line 554, in make_group_htmls
    subj_path, meanFD, meanDvars, mean_rms, max_rms, sval)
UnboundLocalError: local variable 'sval' referenced before assignment
Traceback (most recent call last):
  File "<string>", line 1, in <module>
  File "/home2/data/Projects/CPAC_Regression_Test/2013-10-04_v0-3-2/run/lib/python2.7/site-packages/CPAC/pipeline/cpac_pipeline.py", line 4377, in run
    prep_workflow(sub_dict, c, pickle.load(open(strategies, 'r')), p_name)
  File "/home2/data/Projects/CPAC_Regression_Test/2013-10-04_v0-3-2/run/lib/python2.7/site-packages/CPAC/pipeline/cpac_pipeline.py", line 4325, in prep_workflow
    create_all_qc.run(c.outputDirectory)
  File "/home2/data/Projects/CPAC_Regression_Test/2013-10-04_v0-3-2/run/lib/python2.7/site-packages/CPAC/utils/create_all_qc.py", line 569, in run
    make_group_htmls(output_path)
  File "/home2/data/Projects/CPAC_Regression_Test/2013-10-04_v0-3-2/run/lib/python2.7/site-packages/CPAC/utils/create_all_qc.py", line 554, in make_group_htmls
    subj_path, meanFD, meanDvars, mean_rms, max_rms, sval)
UnboundLocalError: local variable 'sval' referenced before assignment
Traceback (most recent call last):
  File "<string>", line 1, in <module>
  File "/home2/data/Projects/CPAC_Regression_Test/2013-10-04_v0-3-2/run/lib/python2.7/site-packages/CPAC/pipeline/cpac_pipeline.py", line 4377, in run
    prep_workflow(sub_dict, c, pickle.load(open(strategies, 'r')), p_name)
  File "/home2/data/Projects/CPAC_Regression_Test/2013-10-04_v0-3-2/run/lib/python2.7/site-packages/CPAC/pipeline/cpac_pipeline.py", line 4325, in prep_workflow
    create_all_qc.run(c.outputDirectory)
  File "/home2/data/Projects/CPAC_Regression_Test/2013-10-04_v0-3-2/run/lib/python2.7/site-packages/CPAC/utils/create_all_qc.py", line 569, in run
    make_group_htmls(output_path)
  File "/home2/data/Projects/CPAC_Regression_Test/2013-10-04_v0-3-2/run/lib/python2.7/site-packages/CPAC/utils/create_all_qc.py", line 554, in make_group_htmls
    subj_path, meanFD, meanDvars, mean_rms, max_rms, sval)
UnboundLocalError: local variable 'sval' referenced before assignment
cp: cannot create regular file `/home2/data/Projects/Emotional-BS/processed_data/pipeline_RameyBorough/BJKT110406/qc_files_here/path/paths_file___compcor_ncomponents_5_linear1.global1.motion1.quadratic1.compcor1.CSF_0.96_GM_0.7_WM_0.96____.txt': No such file or directory
cp: cannot create regular file `/home2/data/Projects/Emotional-BS/processed_data/pipeline_RameyBorough/BJKT110406/qc_files_here/path/paths_file_scan_movie1_func__compcor_ncomponents_5_linear1.global1.motion1.quadratic1.compcor1.CSF_0.96_GM_0.7_WM_0.96____.txt': No such file or directory
cp: cannot create regular file `/home2/data/Projects/Emotional-BS/processed_data/pipeline_RameyBorough/BJKT110406/qc_files_here/path/paths_file_scan_movie1_func__compcor_ncomponents_5_linear1.global1.motion1.quadratic1.compcor1.CSF_0.96_GM_0.7_WM_0.96_bandpass_freqs_0.01.0.1___.txt': No such file or directory
cp: cannot create regular file `/home2/data/Projects/Emotional-BS/processed_data/pipeline_RameyBorough/BJKT110406/qc_files_here/path/paths_file_scan_movie2_func__compcor_ncomponents_5_linear1.global1.motion1.quadratic1.compcor1.CSF_0.96_GM_0.7_WM_0.96____.txt': No such file or directory
cp: cannot create regular file `/home2/data/Projects/Emotional-BS/processed_data/pipeline_RameyBorough/BJKT110406/qc_files_here/path/paths_file_scan_movie2_func__compcor_ncomponents_5_linear1.global1.motion1.quadratic1.compcor1.CSF_0.96_GM_0.7_WM_0.96_bandpass_freqs_0.01.0.1___.txt': No such file or directory
cp: cannot create regular file `/home2/data/Projects/Emotional-BS/processed_data/pipeline_RameyBorough/BJKT110406/qc_files_here/path/paths_file_scan_movie3_func__compcor_ncomponents_5_linear1.global1.motion1.quadratic1.compcor1.CSF_0.96_GM_0.7_WM_0.96____.txt': No such file or directory
cp: cannot create regular file `/home2/data/Projects/Emotional-BS/processed_data/pipeline_RameyBorough/BJKT110406/qc_files_here/path/paths_file_scan_movie3_func__compcor_ncomponents_5_linear1.global1.motion1.quadratic1.compcor1.CSF_0.96_GM_0.7_WM_0.96_bandpass_freqs_0.01.0.1___.txt': No such file or directory
cp: cannot create regular file `/home2/data/Projects/Emotional-BS/processed_data/pipeline_RameyBorough/BJKT110406/qc_files_here/path/paths_file_scan_rest1_func__compcor_ncomponents_5_linear1.global1.motion1.quadratic1.compcor1.CSF_0.96_GM_0.7_WM_0.96____.txt': No such file or directory
cp: cannot create regular file `/home2/data/Projects/Emotional-BS/processed_data/pipeline_RameyBorough/BJKT110406/qc_files_here/path/paths_file_scan_rest1_func__compcor_ncomponents_5_linear1.global1.motion1.quadratic1.compcor1.CSF_0.96_GM_0.7_WM_0.96_bandpass_freqs_0.01.0.1___.txt': No such file or directory
Traceback (most recent call last):
  File "<string>", line 1, in <module>
  File "/home2/data/Projects/CPAC_Regression_Test/2013-10-04_v0-3-2/run/lib/python2.7/site-packages/CPAC/pipeline/cpac_pipeline.py", line 4377, in run
    prep_workflow(sub_dict, c, pickle.load(open(strategies, 'r')), p_name)
  File "/home2/data/Projects/CPAC_Regression_Test/2013-10-04_v0-3-2/run/lib/python2.7/site-packages/CPAC/pipeline/cpac_pipeline.py", line 4325, in prep_workflow
    create_all_qc.run(c.outputDirectory)
  File "/home2/data/Projects/CPAC_Regression_Test/2013-10-04_v0-3-2/run/lib/python2.7/site-packages/CPAC/utils/create_all_qc.py", line 569, in run
    make_group_htmls(output_path)
  File "/home2/data/Projects/CPAC_Regression_Test/2013-10-04_v0-3-2/run/lib/python2.7/site-packages/CPAC/utils/create_all_qc.py", line 488, in make_group_htmls
    prep_resources(output_path, pipelines)
  File "/home2/data/Projects/CPAC_Regression_Test/2013-10-04_v0-3-2/run/lib/python2.7/site-packages/CPAC/utils/create_all_qc.py", line 217, in prep_resources
    first_pass_organizing_files(path_copy)
  File "/home2/data/Projects/CPAC_Regression_Test/2013-10-04_v0-3-2/run/lib/python2.7/site-packages/CPAC/utils/create_all_qc.py", line 8, in first_pass_organizing_files
    qc_files = os.listdir(qc_path)
OSError: [Errno 2] No such file or directory: '/home2/data/Projects/Emotional-BS/processed_data/pipeline_RameyBorough/BJKT110406/qc_files_here/path'
Traceback (most recent call last):
  File "<string>", line 1, in <module>
  File "/home2/data/Projects/CPAC_Regression_Test/2013-10-04_v0-3-2/run/lib/python2.7/site-packages/CPAC/pipeline/cpac_pipeline.py", line 4377, in run
    prep_workflow(sub_dict, c, pickle.load(open(strategies, 'r')), p_name)
  File "/home2/data/Projects/CPAC_Regression_Test/2013-10-04_v0-3-2/run/lib/python2.7/site-packages/CPAC/pipeline/cpac_pipeline.py", line 4325, in prep_workflow
    create_all_qc.run(c.outputDirectory)
  File "/home2/data/Projects/CPAC_Regression_Test/2013-10-04_v0-3-2/run/lib/python2.7/site-packages/CPAC/utils/create_all_qc.py", line 569, in run
    make_group_htmls(output_path)
  File "/home2/data/Projects/CPAC_Regression_Test/2013-10-04_v0-3-2/run/lib/python2.7/site-packages/CPAC/utils/create_all_qc.py", line 554, in make_group_htmls
    subj_path, meanFD, meanDvars, mean_rms, max_rms, sval)
UnboundLocalError: local variable 'sval' referenced before assignment
Traceback (most recent call last):
  File "<string>", line 1, in <module>
  File "/home2/data/Projects/CPAC_Regression_Test/2013-10-04_v0-3-2/run/lib/python2.7/site-packages/CPAC/pipeline/cpac_pipeline.py", line 4377, in run
    prep_workflow(sub_dict, c, pickle.load(open(strategies, 'r')), p_name)
  File "/home2/data/Projects/CPAC_Regression_Test/2013-10-04_v0-3-2/run/lib/python2.7/site-packages/CPAC/pipeline/cpac_pipeline.py", line 4325, in prep_workflow
    create_all_qc.run(c.outputDirectory)
  File "/home2/data/Projects/CPAC_Regression_Test/2013-10-04_v0-3-2/run/lib/python2.7/site-packages/CPAC/utils/create_all_qc.py", line 569, in run
    make_group_htmls(output_path)
  File "/home2/data/Projects/CPAC_Regression_Test/2013-10-04_v0-3-2/run/lib/python2.7/site-packages/CPAC/utils/create_all_qc.py", line 554, in make_group_htmls
    subj_path, meanFD, meanDvars, mean_rms, max_rms, sval)
UnboundLocalError: local variable 'sval' referenced before assignment
Traceback (most recent call last):
  File "<string>", line 1, in <module>
  File "/home2/data/Projects/CPAC_Regression_Test/2013-10-04_v0-3-2/run/lib/python2.7/site-packages/CPAC/pipeline/cpac_pipeline.py", line 4377, in run
    prep_workflow(sub_dict, c, pickle.load(open(strategies, 'r')), p_name)
  File "/home2/data/Projects/CPAC_Regression_Test/2013-10-04_v0-3-2/run/lib/python2.7/site-packages/CPAC/pipeline/cpac_pipeline.py", line 4325, in prep_workflow
    create_all_qc.run(c.outputDirectory)
  File "/home2/data/Projects/CPAC_Regression_Test/2013-10-04_v0-3-2/run/lib/python2.7/site-packages/CPAC/utils/create_all_qc.py", line 569, in run
    make_group_htmls(output_path)
  File "/home2/data/Projects/CPAC_Regression_Test/2013-10-04_v0-3-2/run/lib/python2.7/site-packages/CPAC/utils/create_all_qc.py", line 554, in make_group_htmls
    subj_path, meanFD, meanDvars, mean_rms, max_rms, sval)
UnboundLocalError: local variable 'sval' referenced before assignment
Traceback (most recent call last):
  File "<string>", line 1, in <module>
  File "/home2/data/Projects/CPAC_Regression_Test/2013-10-04_v0-3-2/run/lib/python2.7/site-packages/CPAC/pipeline/cpac_pipeline.py", line 4377, in run
    prep_workflow(sub_dict, c, pickle.load(open(strategies, 'r')), p_name)
  File "/home2/data/Projects/CPAC_Regression_Test/2013-10-04_v0-3-2/run/lib/python2.7/site-packages/CPAC/pipeline/cpac_pipeline.py", line 4325, in prep_workflow
    create_all_qc.run(c.outputDirectory)
  File "/home2/data/Projects/CPAC_Regression_Test/2013-10-04_v0-3-2/run/lib/python2.7/site-packages/CPAC/utils/create_all_qc.py", line 569, in run
    make_group_htmls(output_path)
  File "/home2/data/Projects/CPAC_Regression_Test/2013-10-04_v0-3-2/run/lib/python2.7/site-packages/CPAC/utils/create_all_qc.py", line 554, in make_group_htmls
    subj_path, meanFD, meanDvars, mean_rms, max_rms, sval)
UnboundLocalError: local variable 'sval' referenced before assignment
Traceback (most recent call last):
  File "<string>", line 1, in <module>
  File "/home2/data/Projects/CPAC_Regression_Test/2013-10-04_v0-3-2/run/lib/python2.7/site-packages/CPAC/pipeline/cpac_pipeline.py", line 4377, in run
    prep_workflow(sub_dict, c, pickle.load(open(strategies, 'r')), p_name)
  File "/home2/data/Projects/CPAC_Regression_Test/2013-10-04_v0-3-2/run/lib/python2.7/site-packages/CPAC/pipeline/cpac_pipeline.py", line 4325, in prep_workflow
    create_all_qc.run(c.outputDirectory)
  File "/home2/data/Projects/CPAC_Regression_Test/2013-10-04_v0-3-2/run/lib/python2.7/site-packages/CPAC/utils/create_all_qc.py", line 569, in run
    make_group_htmls(output_path)
  File "/home2/data/Projects/CPAC_Regression_Test/2013-10-04_v0-3-2/run/lib/python2.7/site-packages/CPAC/utils/create_all_qc.py", line 554, in make_group_htmls
    subj_path, meanFD, meanDvars, mean_rms, max_rms, sval)
UnboundLocalError: local variable 'sval' referenced before assignment
Traceback (most recent call last):
  File "<string>", line 1, in <module>
  File "/home2/data/Projects/CPAC_Regression_Test/2013-10-04_v0-3-2/run/lib/python2.7/site-packages/CPAC/pipeline/cpac_pipeline.py", line 4377, in run
    prep_workflow(sub_dict, c, pickle.load(open(strategies, 'r')), p_name)
  File "/home2/data/Projects/CPAC_Regression_Test/2013-10-04_v0-3-2/run/lib/python2.7/site-packages/CPAC/pipeline/cpac_pipeline.py", line 4325, in prep_workflow
    create_all_qc.run(c.outputDirectory)
  File "/home2/data/Projects/CPAC_Regression_Test/2013-10-04_v0-3-2/run/lib/python2.7/site-packages/CPAC/utils/create_all_qc.py", line 569, in run
    make_group_htmls(output_path)
  File "/home2/data/Projects/CPAC_Regression_Test/2013-10-04_v0-3-2/run/lib/python2.7/site-packages/CPAC/utils/create_all_qc.py", line 554, in make_group_htmls
    subj_path, meanFD, meanDvars, mean_rms, max_rms, sval)
UnboundLocalError: local variable 'sval' referenced before assignment
Traceback (most recent call last):
  File "<string>", line 1, in <module>
  File "/home2/data/Projects/CPAC_Regression_Test/2013-10-04_v0-3-2/run/lib/python2.7/site-packages/CPAC/pipeline/cpac_pipeline.py", line 4377, in run
    prep_workflow(sub_dict, c, pickle.load(open(strategies, 'r')), p_name)
  File "/home2/data/Projects/CPAC_Regression_Test/2013-10-04_v0-3-2/run/lib/python2.7/site-packages/CPAC/pipeline/cpac_pipeline.py", line 4325, in prep_workflow
    create_all_qc.run(c.outputDirectory)
  File "/home2/data/Projects/CPAC_Regression_Test/2013-10-04_v0-3-2/run/lib/python2.7/site-packages/CPAC/utils/create_all_qc.py", line 569, in run
    make_group_htmls(output_path)
  File "/home2/data/Projects/CPAC_Regression_Test/2013-10-04_v0-3-2/run/lib/python2.7/site-packages/CPAC/utils/create_all_qc.py", line 554, in make_group_htmls
    subj_path, meanFD, meanDvars, mean_rms, max_rms, sval)
UnboundLocalError: local variable 'sval' referenced before assignment
Traceback (most recent call last):
  File "<string>", line 1, in <module>
  File "/home2/data/Projects/CPAC_Regression_Test/2013-10-04_v0-3-2/run/lib/python2.7/site-packages/CPAC/pipeline/cpac_pipeline.py", line 4377, in run
    prep_workflow(sub_dict, c, pickle.load(open(strategies, 'r')), p_name)
  File "/home2/data/Projects/CPAC_Regression_Test/2013-10-04_v0-3-2/run/lib/python2.7/site-packages/CPAC/pipeline/cpac_pipeline.py", line 4325, in prep_workflow
    create_all_qc.run(c.outputDirectory)
  File "/home2/data/Projects/CPAC_Regression_Test/2013-10-04_v0-3-2/run/lib/python2.7/site-packages/CPAC/utils/create_all_qc.py", line 569, in run
    make_group_htmls(output_path)
  File "/home2/data/Projects/CPAC_Regression_Test/2013-10-04_v0-3-2/run/lib/python2.7/site-packages/CPAC/utils/create_all_qc.py", line 554, in make_group_htmls
    subj_path, meanFD, meanDvars, mean_rms, max_rms, sval)
UnboundLocalError: local variable 'sval' referenced before assignment
Traceback (most recent call last):
  File "<string>", line 1, in <module>
  File "/home2/data/Projects/CPAC_Regression_Test/2013-10-04_v0-3-2/run/lib/python2.7/site-packages/CPAC/pipeline/cpac_pipeline.py", line 4377, in run
    prep_workflow(sub_dict, c, pickle.load(open(strategies, 'r')), p_name)
  File "/home2/data/Projects/CPAC_Regression_Test/2013-10-04_v0-3-2/run/lib/python2.7/site-packages/CPAC/pipeline/cpac_pipeline.py", line 4325, in prep_workflow
    create_all_qc.run(c.outputDirectory)
  File "/home2/data/Projects/CPAC_Regression_Test/2013-10-04_v0-3-2/run/lib/python2.7/site-packages/CPAC/utils/create_all_qc.py", line 569, in run
    make_group_htmls(output_path)
  File "/home2/data/Projects/CPAC_Regression_Test/2013-10-04_v0-3-2/run/lib/python2.7/site-packages/CPAC/utils/create_all_qc.py", line 554, in make_group_htmls
    subj_path, meanFD, meanDvars, mean_rms, max_rms, sval)
UnboundLocalError: local variable 'sval' referenced before assignment
Traceback (most recent call last):
  File "<string>", line 1, in <module>
  File "/home2/data/Projects/CPAC_Regression_Test/2013-10-04_v0-3-2/run/lib/python2.7/site-packages/CPAC/pipeline/cpac_pipeline.py", line 4377, in run
    prep_workflow(sub_dict, c, pickle.load(open(strategies, 'r')), p_name)
  File "/home2/data/Projects/CPAC_Regression_Test/2013-10-04_v0-3-2/run/lib/python2.7/site-packages/CPAC/pipeline/cpac_pipeline.py", line 4325, in prep_workflow
    create_all_qc.run(c.outputDirectory)
  File "/home2/data/Projects/CPAC_Regression_Test/2013-10-04_v0-3-2/run/lib/python2.7/site-packages/CPAC/utils/create_all_qc.py", line 569, in run
    make_group_htmls(output_path)
  File "/home2/data/Projects/CPAC_Regression_Test/2013-10-04_v0-3-2/run/lib/python2.7/site-packages/CPAC/utils/create_all_qc.py", line 554, in make_group_htmls
    subj_path, meanFD, meanDvars, mean_rms, max_rms, sval)
UnboundLocalError: local variable 'sval' referenced before assignment
Traceback (most recent call last):
  File "<string>", line 1, in <module>
  File "/home2/data/Projects/CPAC_Regression_Test/2013-10-04_v0-3-2/run/lib/python2.7/site-packages/CPAC/pipeline/cpac_pipeline.py", line 4377, in run
    prep_workflow(sub_dict, c, pickle.load(open(strategies, 'r')), p_name)
  File "/home2/data/Projects/CPAC_Regression_Test/2013-10-04_v0-3-2/run/lib/python2.7/site-packages/CPAC/pipeline/cpac_pipeline.py", line 4325, in prep_workflow
    create_all_qc.run(c.outputDirectory)
  File "/home2/data/Projects/CPAC_Regression_Test/2013-10-04_v0-3-2/run/lib/python2.7/site-packages/CPAC/utils/create_all_qc.py", line 569, in run
    make_group_htmls(output_path)
  File "/home2/data/Projects/CPAC_Regression_Test/2013-10-04_v0-3-2/run/lib/python2.7/site-packages/CPAC/utils/create_all_qc.py", line 554, in make_group_htmls
    subj_path, meanFD, meanDvars, mean_rms, max_rms, sval)
UnboundLocalError: local variable 'sval' referenced before assignment
Traceback (most recent call last):
  File "<string>", line 1, in <module>
  File "/home2/data/Projects/CPAC_Regression_Test/2013-10-04_v0-3-2/run/lib/python2.7/site-packages/CPAC/pipeline/cpac_pipeline.py", line 4377, in run
    prep_workflow(sub_dict, c, pickle.load(open(strategies, 'r')), p_name)
  File "/home2/data/Projects/CPAC_Regression_Test/2013-10-04_v0-3-2/run/lib/python2.7/site-packages/CPAC/pipeline/cpac_pipeline.py", line 4325, in prep_workflow
    create_all_qc.run(c.outputDirectory)
  File "/home2/data/Projects/CPAC_Regression_Test/2013-10-04_v0-3-2/run/lib/python2.7/site-packages/CPAC/utils/create_all_qc.py", line 569, in run
    make_group_htmls(output_path)
  File "/home2/data/Projects/CPAC_Regression_Test/2013-10-04_v0-3-2/run/lib/python2.7/site-packages/CPAC/utils/create_all_qc.py", line 554, in make_group_htmls
    subj_path, meanFD, meanDvars, mean_rms, max_rms, sval)
UnboundLocalError: local variable 'sval' referenced before assignment
Traceback (most recent call last):
  File "<string>", line 1, in <module>
  File "/home2/data/Projects/CPAC_Regression_Test/2013-10-04_v0-3-2/run/lib/python2.7/site-packages/CPAC/pipeline/cpac_pipeline.py", line 4377, in run
    prep_workflow(sub_dict, c, pickle.load(open(strategies, 'r')), p_name)
  File "/home2/data/Projects/CPAC_Regression_Test/2013-10-04_v0-3-2/run/lib/python2.7/site-packages/CPAC/pipeline/cpac_pipeline.py", line 4325, in prep_workflow
    create_all_qc.run(c.outputDirectory)
  File "/home2/data/Projects/CPAC_Regression_Test/2013-10-04_v0-3-2/run/lib/python2.7/site-packages/CPAC/utils/create_all_qc.py", line 569, in run
    make_group_htmls(output_path)
  File "/home2/data/Projects/CPAC_Regression_Test/2013-10-04_v0-3-2/run/lib/python2.7/site-packages/CPAC/utils/create_all_qc.py", line 554, in make_group_htmls
    subj_path, meanFD, meanDvars, mean_rms, max_rms, sval)
UnboundLocalError: local variable 'sval' referenced before assignment
